<?xml version="1.0" encoding="UTF-8"?>
<testsuite xmlns:xsi="http://www.w3.org/2001/XMLSchema-instance" xsi:noNamespaceSchemaLocation="https://maven.apache.org/surefire/maven-surefire-plugin/xsd/surefire-test-report-3.0.xsd" version="3.0" name="com.bankapp.AccountTest" time="0.526" tests="8" errors="0" skipped="0" failures="0">
  <properties>
[...]
</properties>
  <testcase name="testWithdrawInsufficientFunds" classname="com.bankapp.AccountTest" time="0.245">
    <system-err><![CDATA[Insufficient funds. Current balance: 500.0
]]></system-err>
  </testcase>
  <testcase name="testSuccessfulDeposit" classname="com.bankapp.AccountTest" time="0.005"/>
  <testcase name="testDepositZeroAmount" classname="com.bankapp.AccountTest" time="0.003">
    <system-err><![CDATA[Deposit amount must be positive.
]]></system-err>
  </testcase>
  <testcase name="testSuccessfulWithdrawal" classname="com.bankapp.AccountTest" time="0.003"/>
  <testcase name="testWithdrawWithNegativeAmount" classname="com.bankapp.AccountTest" time="0.004">
    <system-err><![CDATA[Withdrawal amount must be positive.
]]></system-err>
  </testcase>
  <testcase name="testWithdrawExactBalance" classname="com.bankapp.AccountTest" time="0.008"/>
  <testcase name="testDepositWithNegativeAmount" classname="com.bankapp.AccountTest" time="0.004">
    <system-err><![CDATA[Deposit amount must be positive.
]]></system-err>
  </testcase>
  <testcase name="testWithdrawZeroAmount" classname="com.bankapp.AccountTest" time="0.003">
    <system-err><![CDATA[Withdrawal amount must be positive.
]]></system-err>
  </testcase>
</testsuite>